--------------------------------------------------------------------------------
 Project integration - START (2019-01-10 00:08:15) 
--------------------------------------------------------------------------------
FE snapshot name: DCDV
BE snapshot name: PCB_Layout_Temp
Top level block: (20-1-5)
Parameters: BAConnectivity,BAConstraints,FEWin,
--------------------------------------------------------------------------------
--------------------------------------------------------------------------------
 Connection synchronization - START (2019-01-10 00:08:15) 
--------------------------------------------------------------------------------
[Ok][Modification] - [BE->FE] [O: Block,Schematic1,(20-1-5)]
[Ok][Modification] - [BE->FE] [P: Block,Schematic1,(20-1-5)] [O: FlatComp,CON10_HE10_SWD;2,(20-1-8)]
	Property: Cell Name, Operation: Change
[Ok][Modification] - [BE->FE] [P: Block,Schematic1,(20-1-5)] [O: FlatComp,RES;9,(155-1-8)]
	Property: Cell Name, Operation: Change
[Ok][Modification] - [BE->FE] [P: Block,Schematic1,(20-1-5)] [O: FlatComp,RES;9,(274-1-8)]
	Property: Cell Name, Operation: Change
[Ok][Modification] - [BE->FE] [P: Block,Schematic1,(20-1-5)] [O: FlatComp,RES;9,(330-1-8)]
	Property: Cell Name, Operation: Change
[Ok][Modification] - [BE->FE] [P: Block,Schematic1,(20-1-5)] [O: FlatComp,FERRITE;4,(340-1-8)]
	Property: Cell Name, Operation: Change
[Ok][Modification] - [BE->FE] [P: Block,Schematic1,(20-1-5)] [O: FlatComp,CON3;2,(362-1-8)]
	Property: Cell Name, Operation: Change
[Ok][Modification] - [BE->FE] [P: Block,Schematic1,(20-1-5)] [O: FlatComp,LMV324_MP;1,(378-1-8)]
	Property: Cell Name, Operation: Change
[Ok][Modification] - [BE->FE] [P: Block,Schematic1,(20-1-5)] [O: FlatComp,CAP_NP;5,(400-1-8)]
	Property: Cell Name, Operation: Change
[Ok][Modification] - [BE->FE] [P: Block,Schematic1,(20-1-5)] [O: FlatComp,CAP_NP;5,(402-1-8)]
	Property: Cell Name, Operation: Change
[Ok][Modification] - [BE->FE] [P: Block,Schematic1,(20-1-5)] [O: FlatComp,CAP_NP;5,(404-1-8)]
	Property: Cell Name, Operation: Change
[Ok][Modification] - [BE->FE] [P: Block,Schematic1,(20-1-5)] [O: FlatComp,CAP_NP;5,(422-1-8)]
	Property: Cell Name, Operation: Change
[Ok][Modification] - [BE->FE] [P: Block,Schematic1,(20-1-5)] [O: FlatComp,CAP_NP;5,(430-1-8)]
	Property: Cell Name, Operation: Change
[Ok][Modification] - [BE->FE] [P: Block,Schematic1,(20-1-5)] [O: FlatComp,CAP_NP;5,(438-1-8)]
	Property: Cell Name, Operation: Change
[Ok][Modification] - [BE->FE] [P: Block,Schematic1,(20-1-5)] [O: FlatComp,CAP_NP;5,(454-1-8)]
	Property: Cell Name, Operation: Change
[Ok][Modification] - [BE->FE] [P: Block,Schematic1,(20-1-5)] [O: FlatComp,QUARTZ_HC_US;2,(462-1-8)]
	Property: Cell Name, Operation: Change
[Ok][Modification] - [BE->FE] [P: Block,Schematic1,(20-1-5)] [O: FlatComp,CON8_188275;2,(470-1-8)]
	Property: Cell Name, Operation: Change
[Ok][Modification] - [BE->FE] [P: Block,Schematic1,(20-1-5)] [O: FlatComp,STM32F767VI_PA_PB_PC;9,(20-2-8)]
	Property: Cell Name, Operation: Change
[Ok][Modification] - [BE->FE] [P: Block,Schematic1,(20-1-5)] [O: FlatComp,RES;9,(93-2-8)]
	Property: Cell Name, Operation: Change
[Ok][Modification] - [BE->FE] [P: Block,Schematic1,(20-1-5)] [O: FlatComp,RES;9,(274-2-8)]
	Property: Cell Name, Operation: Change
[Ok][Modification] - [BE->FE] [P: Block,Schematic1,(20-1-5)] [O: FlatComp,RES;9,(330-2-8)]
	Property: Cell Name, Operation: Change
[Ok][Modification] - [BE->FE] [P: Block,Schematic1,(20-1-5)] [O: FlatComp,DC_JACK;3,(340-2-8)]
	Property: Cell Name, Operation: Change
[Ok][Modification] - [BE->FE] [P: Block,Schematic1,(20-1-5)] [O: FlatComp,CON3;2,(362-2-8)]
	Property: Cell Name, Operation: Change
[Ok][Modification] - [BE->FE] [P: Block,Schematic1,(20-1-5)] [O: FlatComp,RES;9,(378-2-8)]
	Property: Cell Name, Operation: Change
[Ok][Modification] - [BE->FE] [P: Block,Schematic1,(20-1-5)] [O: FlatComp,CAP_NP;5,(430-2-8)]
	Property: Cell Name, Operation: Change
[Ok][Modification] - [BE->FE] [P: Block,Schematic1,(20-1-5)] [O: FlatComp,STM32F767VI_PD_PE;2,(20-3-8)]
	Property: Cell Name, Operation: Change
[Ok][Modification] - [BE->FE] [P: Block,Schematic1,(20-1-5)] [O: FlatComp,LED;8,(93-3-8)]
	Property: Cell Name, Operation: Change
[Ok][Modification] - [BE->FE] [P: Block,Schematic1,(20-1-5)] [O: FlatComp,LMV324_MP;1,(134-3-8)]
	Property: Cell Name, Operation: Change
[Ok][Modification] - [BE->FE] [P: Block,Schematic1,(20-1-5)] [O: FlatComp,RES;9,(330-3-8)]
	Property: Cell Name, Operation: Change
[Ok][Modification] - [BE->FE] [P: Block,Schematic1,(20-1-5)] [O: FlatComp,CAP_NP;5,(340-3-8)]
	Property: Cell Name, Operation: Change
[Ok][Modification] - [BE->FE] [P: Block,Schematic1,(20-1-5)] [O: FlatComp,REGULATEUR;3,(362-3-8)]
	Property: Cell Name, Operation: Change
[Ok][Modification] - [BE->FE] [P: Block,Schematic1,(20-1-5)] [O: FlatComp,RES;9,(378-3-8)]
	Property: Cell Name, Operation: Change
[Ok][Modification] - [BE->FE] [P: Block,Schematic1,(20-1-5)] [O: FlatComp,ESP32_DEVKITC;7,(93-4-8)]
	Property: Cell Name, Operation: Change
[Ok][Modification] - [BE->FE] [P: Block,Schematic1,(20-1-5)] [O: FlatComp,LMV324_MP;1,(134-4-8)]
	Property: Cell Name, Operation: Change
[Ok][Modification] - [BE->FE] [P: Block,Schematic1,(20-1-5)] [O: FlatComp,LAN8742A;15,(330-4-8)]
	Property: Cell Name, Operation: Change
[Ok][Modification] - [BE->FE] [P: Block,Schematic1,(20-1-5)] [O: FlatComp,RES;9,(340-4-8)]
	Property: Cell Name, Operation: Change
[Ok][Modification] - [BE->FE] [P: Block,Schematic1,(20-1-5)] [O: FlatComp,REGULATEUR;3,(362-4-8)]
	Property: Cell Name, Operation: Change
[Ok][Modification] - [BE->FE] [P: Block,Schematic1,(20-1-5)] [O: FlatComp,LMV324_MP;1,(378-4-8)]
	Property: Cell Name, Operation: Change
[Ok][Modification] - [BE->FE] [P: Block,Schematic1,(20-1-5)] [O: FlatComp,CAP_NP;5,(20-5-8)]
	Property: Cell Name, Operation: Change
[Ok][Modification] - [BE->FE] [P: Block,Schematic1,(20-1-5)] [O: FlatComp,CAP_NP;5,(93-5-8)]
	Property: Cell Name, Operation: Change
[Ok][Modification] - [BE->FE] [P: Block,Schematic1,(20-1-5)] [O: FlatComp,RES;9,(108-5-8)]
	Property: Cell Name, Operation: Change
[Ok][Modification] - [BE->FE] [P: Block,Schematic1,(20-1-5)] [O: FlatComp,FERRITE;4,(330-5-8)]
	Property: Cell Name, Operation: Change
[Ok][Modification] - [BE->FE] [P: Block,Schematic1,(20-1-5)] [O: FlatComp,CAP_NP;5,(362-5-8)]
	Property: Cell Name, Operation: Change
[Ok][Modification] - [BE->FE] [P: Block,Schematic1,(20-1-5)] [O: FlatComp,RES;9,(378-5-8)]
	Property: Cell Name, Operation: Change
[Ok][Modification] - [BE->FE] [P: Block,Schematic1,(20-1-5)] [O: FlatComp,CAP_NP;5,(20-6-8)]
	Property: Cell Name, Operation: Change
[Ok][Modification] - [BE->FE] [P: Block,Schematic1,(20-1-5)] [O: FlatComp,CAP_NP;5,(93-6-8)]
	Property: Cell Name, Operation: Change
[Ok][Modification] - [BE->FE] [P: Block,Schematic1,(20-1-5)] [O: FlatComp,CAP_NP;5,(330-6-8)]
	Property: Cell Name, Operation: Change
[Ok][Modification] - [BE->FE] [P: Block,Schematic1,(20-1-5)] [O: FlatComp,CAP_NP;5,(362-6-8)]
	Property: Cell Name, Operation: Change
[Ok][Modification] - [BE->FE] [P: Block,Schematic1,(20-1-5)] [O: FlatComp,RES;9,(378-6-8)]
	Property: Cell Name, Operation: Change
[Ok][Modification] - [BE->FE] [P: Block,Schematic1,(20-1-5)] [O: FlatComp,CON3;2,(93-7-8)]
	Property: Cell Name, Operation: Change
[Ok][Modification] - [BE->FE] [P: Block,Schematic1,(20-1-5)] [O: FlatComp,CAP_NP;5,(330-7-8)]
	Property: Cell Name, Operation: Change
[Ok][Modification] - [BE->FE] [P: Block,Schematic1,(20-1-5)] [O: FlatComp,CON3;2,(362-7-8)]
	Property: Cell Name, Operation: Change
[Ok][Modification] - [BE->FE] [P: Block,Schematic1,(20-1-5)] [O: FlatComp,LMV324_MP;1,(378-7-8)]
	Property: Cell Name, Operation: Change
[Ok][Modification] - [BE->FE] [P: Block,Schematic1,(20-1-5)] [O: FlatComp,CON3;2,(93-8-8)]
	Property: Cell Name, Operation: Change
[Ok][Modification] - [BE->FE] [P: Block,Schematic1,(20-1-5)] [O: FlatComp,RES;9,(134-8-8)]
	Property: Cell Name, Operation: Change
[Ok][Modification] - [BE->FE] [P: Block,Schematic1,(20-1-5)] [O: FlatComp,CAP_NP;5,(330-8-8)]
	Property: Cell Name, Operation: Change
[Ok][Modification] - [BE->FE] [P: Block,Schematic1,(20-1-5)] [O: FlatComp,RES;9,(378-8-8)]
	Property: Cell Name, Operation: Change
[Ok][Modification] - [BE->FE] [P: Block,Schematic1,(20-1-5)] [O: FlatComp,CAP_NP;5,(330-9-8)]
	Property: Cell Name, Operation: Change
[Ok][Modification] - [BE->FE] [P: Block,Schematic1,(20-1-5)] [O: FlatComp,RES;9,(378-9-8)]
	Property: Cell Name, Operation: Change
[Ok][Modification] - [BE->FE] [P: Block,Schematic1,(20-1-5)] [O: FlatComp,CAP_NP;5,(93-10-8)]
	Property: Cell Name, Operation: Change
[Ok][Modification] - [BE->FE] [P: Block,Schematic1,(20-1-5)] [O: FlatComp,RES;9,(134-10-8)]
	Property: Cell Name, Operation: Change
[Ok][Modification] - [BE->FE] [P: Block,Schematic1,(20-1-5)] [O: FlatComp,CAP_NP;5,(330-10-8)]
	Property: Cell Name, Operation: Change
[Ok][Modification] - [BE->FE] [P: Block,Schematic1,(20-1-5)] [O: FlatComp,CAP_NP;5,(93-11-8)]
	Property: Cell Name, Operation: Change
[Ok][Modification] - [BE->FE] [P: Block,Schematic1,(20-1-5)] [O: FlatComp,RES;9,(134-11-8)]
	Property: Cell Name, Operation: Change
[Ok][Modification] - [BE->FE] [P: Block,Schematic1,(20-1-5)] [O: FlatComp,CAP_NP;5,(330-11-8)]
	Property: Cell Name, Operation: Change
[Ok][Modification] - [BE->FE] [P: Block,Schematic1,(20-1-5)] [O: FlatComp,CAP_NP;5,(93-12-8)]
	Property: Cell Name, Operation: Change
[Ok][Modification] - [BE->FE] [P: Block,Schematic1,(20-1-5)] [O: FlatComp,RES;9,(134-12-8)]
	Property: Cell Name, Operation: Change
[Ok][Modification] - [BE->FE] [P: Block,Schematic1,(20-1-5)] [O: FlatComp,QUARTZ_HC_US;2,(330-12-8)]
	Property: Cell Name, Operation: Change
[Ok][Modification] - [BE->FE] [P: Block,Schematic1,(20-1-5)] [O: FlatComp,CAP_NP;5,(93-13-8)]
	Property: Cell Name, Operation: Change
[Ok][Modification] - [BE->FE] [P: Block,Schematic1,(20-1-5)] [O: FlatComp,RES;9,(134-13-8)]
	Property: Cell Name, Operation: Change
[Ok][Modification] - [BE->FE] [P: Block,Schematic1,(20-1-5)] [O: FlatComp,CAP_NP;5,(330-13-8)]
	Property: Cell Name, Operation: Change
[Ok][Modification] - [BE->FE] [P: Block,Schematic1,(20-1-5)] [O: FlatComp,RES;9,(134-14-8)]
	Property: Cell Name, Operation: Change
[Ok][Modification] - [BE->FE] [P: Block,Schematic1,(20-1-5)] [O: FlatComp,CAP_NP;5,(330-14-8)]
	Property: Cell Name, Operation: Change
[Ok][Modification] - [BE->FE] [P: Block,Schematic1,(20-1-5)] [O: FlatComp,CAP_NP;5,(93-15-8)]
	Property: Cell Name, Operation: Change
[Ok][Modification] - [BE->FE] [P: Block,Schematic1,(20-1-5)] [O: FlatComp,LMV324_MP;1,(134-15-8)]
	Property: Cell Name, Operation: Change
[Ok][Modification] - [BE->FE] [P: Block,Schematic1,(20-1-5)] [O: FlatComp,RJ45_LED2_TRANSFO_SHLD;4,(330-15-8)]
	Property: Cell Name, Operation: Change
[Ok][Modification] - [BE->FE] [P: Block,Schematic1,(20-1-5)] [O: FlatComp,CAP_NP;5,(93-16-8)]
	Property: Cell Name, Operation: Change
[Ok][Modification] - [BE->FE] [P: Block,Schematic1,(20-1-5)] [O: FlatComp,LMV324_MP;1,(134-16-8)]
	Property: Cell Name, Operation: Change
[Ok][Modification] - [BE->FE] [P: Block,Schematic1,(20-1-5)] [O: FlatComp,CAP_NP;5,(330-16-8)]
	Property: Cell Name, Operation: Change
[Ok][Modification] - [BE->FE] [P: Block,Schematic1,(20-1-5)] [O: FlatComp,RES;9,(134-17-8)]
	Property: Cell Name, Operation: Change
[Ok][Modification] - [BE->FE] [P: Block,Schematic1,(20-1-5)] [O: FlatComp,CAP_NP;5,(330-17-8)]
	Property: Cell Name, Operation: Change
[Ok][Modification] - [BE->FE] [P: Block,Schematic1,(20-1-5)] [O: FlatComp,CAP_NP;5,(93-18-8)]
	Property: Cell Name, Operation: Change
[Ok][Modification] - [BE->FE] [P: Block,Schematic1,(20-1-5)] [O: FlatComp,RES;9,(134-18-8)]
	Property: Cell Name, Operation: Change
[Ok][Modification] - [BE->FE] [P: Block,Schematic1,(20-1-5)] [O: FlatComp,RES;9,(330-18-8)]
	Property: Cell Name, Operation: Change
[Ok][Modification] - [BE->FE] [P: Block,Schematic1,(20-1-5)] [O: FlatComp,CAP_NP;5,(93-19-8)]
	Property: Cell Name, Operation: Change
[Ok][Modification] - [BE->FE] [P: Block,Schematic1,(20-1-5)] [O: FlatComp,RES;9,(134-19-8)]
	Property: Cell Name, Operation: Change
[Ok][Modification] - [BE->FE] [P: Block,Schematic1,(20-1-5)] [O: FlatComp,RES;9,(330-19-8)]
	Property: Cell Name, Operation: Change
[Ok][Modification] - [BE->FE] [P: Block,Schematic1,(20-1-5)] [O: FlatComp,RES;9,(134-20-8)]
	Property: Cell Name, Operation: Change
[Ok][Modification] - [BE->FE] [P: Block,Schematic1,(20-1-5)] [O: FlatComp,RES;9,(330-20-8)]
	Property: Cell Name, Operation: Change
[Ok][Modification] - [BE->FE] [P: Block,Schematic1,(20-1-5)] [O: FlatComp,RES;9,(134-21-8)]
	Property: Cell Name, Operation: Change
[Ok][Modification] - [BE->FE] [P: Block,Schematic1,(20-1-5)] [O: FlatComp,RES;9,(330-21-8)]
	Property: Cell Name, Operation: Change
[Ok][Modification] - [BE->FE] [P: Block,Schematic1,(20-1-5)] [O: FlatComp,RES;9,(134-22-8)]
	Property: Cell Name, Operation: Change
[Ok][Modification] - [BE->FE] [P: Block,Schematic1,(20-1-5)] [O: FlatComp,RES;9,(330-22-8)]
	Property: Cell Name, Operation: Change
[Ok][Modification] - [BE->FE] [P: Block,Schematic1,(20-1-5)] [O: FlatComp,RES;9,(330-23-8)]
	Property: Cell Name, Operation: Change
[Ok][Modification] - [BE->FE] [P: Block,Schematic1,(20-1-5)] [O: FlatComp,RES;9,(330-24-8)]
	Property: Cell Name, Operation: Change
[Ok][Modification] - [BE->FE] [P: Block,Schematic1,(20-1-5)] [O: FlatComp,RES;9,(330-25-8)]
	Property: Cell Name, Operation: Change
[Ok][Modification] - [BE->FE] [P: Block,Schematic1,(20-1-5)] [O: FlatComp,PMOS;7,(93-27-8)]
	Property: Cell Name, Operation: Change
[Ok][Modification] - [BE->FE] [P: Block,Schematic1,(20-1-5)] [O: FlatComp,RES;9,(330-27-8)]
	Property: Cell Name, Operation: Change
[Ok][Modification] - [BE->FE] [P: Block,Schematic1,(20-1-5)] [O: FlatComp,RES;9,(330-28-8)]
	Property: Cell Name, Operation: Change
[Ok][Modification] - [BE->FE] [P: Block,Schematic1,(20-1-5)] [O: FlatComp,RES;9,(330-29-8)]
	Property: Cell Name, Operation: Change
[Ok][Modification] - [BE->FE] [P: Block,Schematic1,(20-1-5)] [O: FlatComp,RES;9,(330-30-8)]
	Property: Cell Name, Operation: Change
[Ok][Modification] - [BE->FE] [P: Block,Schematic1,(20-1-5)] [O: FlatComp,RES;9,(330-31-8)]
	Property: Cell Name, Operation: Change
[Ok][Modification] - [BE->FE] [P: Block,Schematic1,(20-1-5)] [O: FlatComp,MAX5105;2,(20-32-8)]
	Property: Cell Name, Operation: Change
[Ok][Modification] - [BE->FE] [P: Block,Schematic1,(20-1-5)] [O: FlatComp,SELF_L;2,(134-32-8)]
	Property: Cell Name, Operation: Change
[Ok][Modification] - [BE->FE] [P: Block,Schematic1,(20-1-5)] [O: FlatComp,CON2_S2B-PH-SM4-TB;2,(20-33-8)]
	Property: Cell Name, Operation: Change
[Ok][Modification] - [BE->FE] [P: Block,Schematic1,(20-1-5)] [O: FlatComp,LT1765;1,(134-33-8)]
	Property: Cell Name, Operation: Change
[Ok][Modification] - [BE->FE] [P: Block,Schematic1,(20-1-5)] [O: FlatComp,CON2_S2B-PH-SM4-TB;2,(20-34-8)]
	Property: Cell Name, Operation: Change
[Ok][Modification] - [BE->FE] [P: Block,Schematic1,(20-1-5)] [O: FlatComp,SCHOTTKY;8,(134-34-8)]
	Property: Cell Name, Operation: Change
[Ok][Modification] - [BE->FE] [P: Block,Schematic1,(20-1-5)] [O: FlatComp,CON2_S2B-PH-SM4-TB;2,(20-35-8)]
	Property: Cell Name, Operation: Change
[Ok][Modification] - [BE->FE] [P: Block,Schematic1,(20-1-5)] [O: FlatComp,CAP_NP;5,(134-35-8)]
	Property: Cell Name, Operation: Change
[Ok][Modification] - [BE->FE] [P: Block,Schematic1,(20-1-5)] [O: FlatComp,RES;9,(134-37-8)]
	Property: Cell Name, Operation: Change
[Ok][Modification] - [BE->FE] [P: Block,Schematic1,(20-1-5)] [O: FlatComp,RES;9,(134-38-8)]
	Property: Cell Name, Operation: Change
[Ok][Modification] - [BE->FE] [P: Block,Schematic1,(20-1-5)] [O: FlatComp,SCHOTTKY;8,(134-39-8)]
	Property: Cell Name, Operation: Change
[Ok][Modification] - [BE->FE] [P: Block,Schematic1,(20-1-5)] [O: FlatComp,MICROSD_JAE_ST1W008S4ER1500;2,(20-42-8)]
	Property: Cell Name, Operation: Change
[Ok][Modification] - [BE->FE] [P: Block,Schematic1,(20-1-5)] [O: FlatComp,LMV324_MP;1,(20-54-8)]
	Property: Cell Name, Operation: Change
[Ok][Modification] - [BE->FE] [P: Block,Schematic1,(20-1-5)] [O: FlatComp,RES;9,(20-55-8)]
	Property: Cell Name, Operation: Change
[Ok][Modification] - [BE->FE] [P: Block,Schematic1,(20-1-5)] [O: FlatComp,RES;9,(20-56-8)]
	Property: Cell Name, Operation: Change
[Ok][Modification] - [BE->FE] [P: Block,Schematic1,(20-1-5)] [O: FlatComp,RES;9,(20-57-8)]
	Property: Cell Name, Operation: Change
[Ok][Modification] - [BE->FE] [P: Block,Schematic1,(20-1-5)] [O: FlatComp,RES;9,(20-58-8)]
	Property: Cell Name, Operation: Change
[Ok][Modification] - [BE->FE] [P: Block,Schematic1,(20-1-5)] [O: FlatComp,RCA_JACK_S-TS-T;2,(20-59-8)]
	Property: Cell Name, Operation: Change
[Ok][Modification] - [BE->FE] [P: Block,Schematic1,(20-1-5)] [O: FlatComp,LMV324_MP;1,(20-60-8)]
	Property: Cell Name, Operation: Change
[Ok][Modification] - [BE->FE] [P: Block,Schematic1,(20-1-5)] [O: FlatComp,RES;9,(20-61-8)]
	Property: Cell Name, Operation: Change
[Ok][Modification] - [BE->FE] [P: Block,Schematic1,(20-1-5)] [O: FlatComp,RES;9,(20-62-8)]
	Property: Cell Name, Operation: Change
[Ok][Modification] - [BE->FE] [P: Block,Schematic1,(20-1-5)] [O: FlatComp,RES;9,(20-63-8)]
	Property: Cell Name, Operation: Change
[Ok][Modification] - [BE->FE] [P: Block,Schematic1,(20-1-5)] [O: FlatComp,RES;9,(20-64-8)]
	Property: Cell Name, Operation: Change
[Ok][Modification] - [BE->FE] [P: Block,Schematic1,(20-1-5)] [O: FlatComp,RCA_JACK_S-TS-T;2,(20-65-8)]
	Property: Cell Name, Operation: Change
--------------------------------------------------------------------------------
 Connection synchronization - END (2019-01-10 00:08:15) 
--------------------------------------------------------------------------------
--------------------------------------------------------------------------------
 CES synchronization - START (2019-01-10 00:08:15) 
--------------------------------------------------------------------------------
[Ok][Deletion] - [BE->FE] [P: CesDesign,CesDesign,(20-1-21)] [O: CesLayer,DIELECTRIC_05,(22-3-23)]
[Ok][Deletion] - [BE->FE] [P: CesDesign,CesDesign,(20-1-21)] [O: CesLayer,VCC,(170-2-23)]
[Ok][Deletion] - [BE->FE] [P: CesDesign,CesDesign,(20-1-21)] [O: CesLayer,GBD,(170-4-23)]
[Ok][Deletion] - [BE->FE] [P: CesDesign,CesDesign,(20-1-21)] [O: CesLayer,DIELECTRIC_01,(170-5-23)]
[Ok][Modification] - [BE->FE] [P: CesDesign,CesDesign,(20-1-21)] [O: CesLayer,DIELECTRIC_5,(22-5-23)]
[Ok][Modification] - [BE->FE] [P: CesDesign,CesDesign,(20-1-21)] [O: CesLayer,DIELECTRIC_02,(170-3-23)]
[Ok][Modification] - [BE->FE] [P: CesDesign,CesDesign,(20-1-21)] [O: CesLayer,SIGNAL_2,(22-4-23)]

--------------------------------------------------------------------------------
 TOPOLOGY synchronization - START (2019-01-10 00:08:15) 
--------------------------------------------------------------------------------
--------------------------------------------------------------------------------
 TOPOLOGY synchronization - END (2019-01-10 00:08:15) 
--------------------------------------------------------------------------------
[Ok][Modification] - [BE->FE] [P: CesLayer,DIELECTRIC_1,(22-1-23)] [O: CesConstraint,HEIGHT,(22-4-22)]
[Ok][Modification] - [BE->FE] [P: CesLayer,SIGNAL_1,(22-2-23)] [O: CesConstraint,LAYER_PAIR,(22-42-22)]
[Ok][Modification] - [BE->FE] [P: CesLayer,SIGNAL_1,(22-2-23)] [O: CesConstraint,HEIGHT,(22-44-22)]
[Ok][Modification] - [BE->FE] [P: CesLayer,SIGNAL_2,(22-4-23)] [O: CesConstraint,LAYER_DIFFPAIR,(22-88-22)]
[Ok][Modification] - [BE->FE] [P: CesLayer,SIGNAL_2,(22-4-23)] [O: CesConstraint,HEIGHT,(22-89-22)]
[Ok][Modification] - [BE->FE] [P: CesLayer,DIELECTRIC_5,(22-5-23)] [O: CesConstraint,HEIGHT,(22-94-22)]
[Ok][Modification] - [BE->FE] [P: CesLayer,DIELECTRIC_02,(170-3-23)] [O: CesConstraint,HEIGHT,(170-128-22)]
--------------------------------------------------------------------------------
 CES synchronization - END (2019-01-10 00:08:15) 
--------------------------------------------------------------------------------
--------------------------------------------------------------------------------
 VMVariant synchronization - START (2019-01-10 00:08:15) 
--------------------------------------------------------------------------------
--------------------------------------------------------------------------------
 VMVariant synchronization - END (2019-01-10 00:08:15) 
--------------------------------------------------------------------------------
--------------------------------------------------------------------------------
 Project integration - END (2019-01-10 00:08:15) 
--------------------------------------------------------------------------------
