--------------------------------------------------------------------------------
 Project integration - START (2018-12-18 18:29:17) 
--------------------------------------------------------------------------------
FE snapshot name: DCDV
BE snapshot name: PCB_Layout_Temp
Top level block: (20-1-5)
Parameters: BAConnectivity,BAConstraints,FEWin,
--------------------------------------------------------------------------------
--------------------------------------------------------------------------------
 Connection synchronization - START (2018-12-18 18:29:17) 
--------------------------------------------------------------------------------
[Skipped][Modification] - [BE->FE] [O: Block,,(20-1-5)]
[Skipped][Modification] - [BE->FE] [P: Block,Schematic1,(20-1-5)] [O: FlatComp,CON10_HE10_SWD;2,(20-1-8)]
	Property: Cell Name, Operation: Change
[Skipped][Modification] - [BE->FE] [P: Block,Schematic1,(20-1-5)] [O: FlatComp,CAP_NP;5,(134-1-8)]
	Property: Cell Name, Operation: Change
[Skipped][Modification] - [BE->FE] [P: Block,Schematic1,(20-1-5)] [O: FlatComp,RES;9,(155-1-8)]
	Property: Cell Name, Operation: Change
[Ok][Modification] - [BE->FE] [P: Block,Schematic1,(20-1-5)] [O: FlatComp,RES;9,(178-1-8)]
	Property: Cell Name, Operation: Change
[Skipped][Modification] - [BE->FE] [P: Block,Schematic1,(20-1-5)] [O: FlatComp,STM32F767VI_PA_PB_PC;9,(20-2-8)]
	Property: Cell Name, Operation: Change
[Skipped][Modification] - [BE->FE] [P: Block,Schematic1,(20-1-5)] [O: FlatComp,RES;9,(93-2-8)]
	Property: Cell Name, Operation: Change
[Skipped][Modification] - [BE->FE] [P: Block,Schematic1,(20-1-5)] [O: FlatComp,CON3;2,(108-2-8)]
	Property: Cell Name, Operation: Change
[Skipped][Modification] - [BE->FE] [P: Block,Schematic1,(20-1-5)] [O: FlatComp,CAP_NP;5,(134-2-8)]
	Property: Cell Name, Operation: Change
[Skipped][Modification] - [BE->FE] [P: Block,Schematic1,(20-1-5)] [O: FlatComp,STM32F767VI_PD_PE;2,(20-3-8)]
	Property: Cell Name, Operation: Change
[Skipped][Modification] - [BE->FE] [P: Block,Schematic1,(20-1-5)] [O: FlatComp,LED;8,(93-3-8)]
	Property: Cell Name, Operation: Change
[Skipped][Modification] - [BE->FE] [P: Block,Schematic1,(20-1-5)] [O: FlatComp,LMV324_MP;1,(134-3-8)]
	Property: Cell Name, Operation: Change
[Skipped][Modification] - [BE->FE] [P: Block,Schematic1,(20-1-5)] [O: FlatComp,QUARTZ_HC_US;2,(20-4-8)]
	Property: Cell Name, Operation: Change
[Skipped][Modification] - [BE->FE] [P: Block,Schematic1,(20-1-5)] [O: FlatComp,ESP32_DEVKITC;7,(93-4-8)]
	Property: Cell Name, Operation: Change
[Skipped][Modification] - [BE->FE] [P: Block,Schematic1,(20-1-5)] [O: FlatComp,LMV324_MP;1,(134-4-8)]
	Property: Cell Name, Operation: Change
[Skipped][Modification] - [BE->FE] [P: Block,Schematic1,(20-1-5)] [O: FlatComp,CAP_NP;5,(20-5-8)]
	Property: Cell Name, Operation: Change
[Skipped][Modification] - [BE->FE] [P: Block,Schematic1,(20-1-5)] [O: FlatComp,CAP_NP;5,(93-5-8)]
	Property: Cell Name, Operation: Change
[Skipped][Modification] - [BE->FE] [P: Block,Schematic1,(20-1-5)] [O: FlatComp,RES;9,(108-5-8)]
	Property: Cell Name, Operation: Change
[Skipped][Modification] - [BE->FE] [P: Block,Schematic1,(20-1-5)] [O: FlatComp,CAP_NP;5,(134-5-8)]
	Property: Cell Name, Operation: Change
[Skipped][Modification] - [BE->FE] [P: Block,Schematic1,(20-1-5)] [O: FlatComp,CAP_NP;5,(20-6-8)]
	Property: Cell Name, Operation: Change
[Skipped][Modification] - [BE->FE] [P: Block,Schematic1,(20-1-5)] [O: FlatComp,CAP_NP;5,(93-6-8)]
	Property: Cell Name, Operation: Change
[Skipped][Modification] - [BE->FE] [P: Block,Schematic1,(20-1-5)] [O: FlatComp,SELF_L;2,(134-6-8)]
	Property: Cell Name, Operation: Change
[Skipped][Modification] - [BE->FE] [P: Block,Schematic1,(20-1-5)] [O: FlatComp,CON3;2,(93-7-8)]
	Property: Cell Name, Operation: Change
[Skipped][Modification] - [BE->FE] [P: Block,Schematic1,(20-1-5)] [O: FlatComp,LT1765;1,(134-7-8)]
	Property: Cell Name, Operation: Change
[Skipped][Modification] - [BE->FE] [P: Block,Schematic1,(20-1-5)] [O: FlatComp,LAN8742A;15,(20-8-8)]
	Property: Cell Name, Operation: Change
[Skipped][Modification] - [BE->FE] [P: Block,Schematic1,(20-1-5)] [O: FlatComp,CON3;2,(93-8-8)]
	Property: Cell Name, Operation: Change
[Skipped][Modification] - [BE->FE] [P: Block,Schematic1,(20-1-5)] [O: FlatComp,RES;9,(134-8-8)]
	Property: Cell Name, Operation: Change
[Skipped][Modification] - [BE->FE] [P: Block,Schematic1,(20-1-5)] [O: FlatComp,RJ45_LED2_TRANSFO_SHLD;4,(20-9-8)]
	Property: Cell Name, Operation: Change
[Skipped][Modification] - [BE->FE] [P: Block,Schematic1,(20-1-5)] [O: FlatComp,CAP_NP;5,(93-9-8)]
	Property: Cell Name, Operation: Change
[Skipped][Modification] - [BE->FE] [P: Block,Schematic1,(20-1-5)] [O: FlatComp,CAP_NP;5,(134-9-8)]
	Property: Cell Name, Operation: Change
[Skipped][Modification] - [BE->FE] [P: Block,Schematic1,(20-1-5)] [O: FlatComp,FERRITE;4,(20-10-8)]
	Property: Cell Name, Operation: Change
[Skipped][Modification] - [BE->FE] [P: Block,Schematic1,(20-1-5)] [O: FlatComp,CAP_NP;5,(93-10-8)]
	Property: Cell Name, Operation: Change
[Skipped][Modification] - [BE->FE] [P: Block,Schematic1,(20-1-5)] [O: FlatComp,RES;9,(134-10-8)]
	Property: Cell Name, Operation: Change
[Skipped][Modification] - [BE->FE] [P: Block,Schematic1,(20-1-5)] [O: FlatComp,CAP_NP;5,(20-11-8)]
	Property: Cell Name, Operation: Change
[Skipped][Modification] - [BE->FE] [P: Block,Schematic1,(20-1-5)] [O: FlatComp,CAP_NP;5,(93-11-8)]
	Property: Cell Name, Operation: Change
[Skipped][Modification] - [BE->FE] [P: Block,Schematic1,(20-1-5)] [O: FlatComp,RES;9,(134-11-8)]
	Property: Cell Name, Operation: Change
[Skipped][Modification] - [BE->FE] [P: Block,Schematic1,(20-1-5)] [O: FlatComp,CAP_NP;5,(20-12-8)]
	Property: Cell Name, Operation: Change
[Skipped][Modification] - [BE->FE] [P: Block,Schematic1,(20-1-5)] [O: FlatComp,CAP_NP;5,(93-12-8)]
	Property: Cell Name, Operation: Change
[Skipped][Modification] - [BE->FE] [P: Block,Schematic1,(20-1-5)] [O: FlatComp,RES;9,(134-12-8)]
	Property: Cell Name, Operation: Change
[Skipped][Modification] - [BE->FE] [P: Block,Schematic1,(20-1-5)] [O: FlatComp,RES;9,(20-13-8)]
	Property: Cell Name, Operation: Change
[Skipped][Modification] - [BE->FE] [P: Block,Schematic1,(20-1-5)] [O: FlatComp,CAP_NP;5,(93-13-8)]
	Property: Cell Name, Operation: Change
[Skipped][Modification] - [BE->FE] [P: Block,Schematic1,(20-1-5)] [O: FlatComp,RES;9,(134-13-8)]
	Property: Cell Name, Operation: Change
[Skipped][Modification] - [BE->FE] [P: Block,Schematic1,(20-1-5)] [O: FlatComp,RES;9,(20-14-8)]
	Property: Cell Name, Operation: Change
[Skipped][Modification] - [BE->FE] [P: Block,Schematic1,(20-1-5)] [O: FlatComp,CAP_NP;5,(93-14-8)]
	Property: Cell Name, Operation: Change
[Skipped][Modification] - [BE->FE] [P: Block,Schematic1,(20-1-5)] [O: FlatComp,RES;9,(134-14-8)]
	Property: Cell Name, Operation: Change
[Skipped][Modification] - [BE->FE] [P: Block,Schematic1,(20-1-5)] [O: FlatComp,RES;9,(20-15-8)]
	Property: Cell Name, Operation: Change
[Skipped][Modification] - [BE->FE] [P: Block,Schematic1,(20-1-5)] [O: FlatComp,CAP_NP;5,(93-15-8)]
	Property: Cell Name, Operation: Change
[Skipped][Modification] - [BE->FE] [P: Block,Schematic1,(20-1-5)] [O: FlatComp,LMV324_MP;1,(134-15-8)]
	Property: Cell Name, Operation: Change
[Skipped][Modification] - [BE->FE] [P: Block,Schematic1,(20-1-5)] [O: FlatComp,RES;9,(20-16-8)]
	Property: Cell Name, Operation: Change
[Skipped][Modification] - [BE->FE] [P: Block,Schematic1,(20-1-5)] [O: FlatComp,CAP_NP;5,(93-16-8)]
	Property: Cell Name, Operation: Change
[Skipped][Modification] - [BE->FE] [P: Block,Schematic1,(20-1-5)] [O: FlatComp,LMV324_MP;1,(134-16-8)]
	Property: Cell Name, Operation: Change
[Skipped][Modification] - [BE->FE] [P: Block,Schematic1,(20-1-5)] [O: FlatComp,CAP_NP;5,(20-17-8)]
	Property: Cell Name, Operation: Change
[Skipped][Modification] - [BE->FE] [P: Block,Schematic1,(20-1-5)] [O: FlatComp,CAP_NP;5,(93-17-8)]
	Property: Cell Name, Operation: Change
[Skipped][Modification] - [BE->FE] [P: Block,Schematic1,(20-1-5)] [O: FlatComp,RES;9,(134-17-8)]
	Property: Cell Name, Operation: Change
[Skipped][Modification] - [BE->FE] [P: Block,Schematic1,(20-1-5)] [O: FlatComp,CAP_NP;5,(20-18-8)]
	Property: Cell Name, Operation: Change
[Skipped][Modification] - [BE->FE] [P: Block,Schematic1,(20-1-5)] [O: FlatComp,CAP_NP;5,(93-18-8)]
	Property: Cell Name, Operation: Change
[Skipped][Modification] - [BE->FE] [P: Block,Schematic1,(20-1-5)] [O: FlatComp,RES;9,(134-18-8)]
	Property: Cell Name, Operation: Change
[Skipped][Modification] - [BE->FE] [P: Block,Schematic1,(20-1-5)] [O: FlatComp,RES;9,(20-19-8)]
	Property: Cell Name, Operation: Change
[Skipped][Modification] - [BE->FE] [P: Block,Schematic1,(20-1-5)] [O: FlatComp,CAP_NP;5,(93-19-8)]
	Property: Cell Name, Operation: Change
[Skipped][Modification] - [BE->FE] [P: Block,Schematic1,(20-1-5)] [O: FlatComp,RES;9,(134-19-8)]
	Property: Cell Name, Operation: Change
[Skipped][Modification] - [BE->FE] [P: Block,Schematic1,(20-1-5)] [O: FlatComp,CAP_NP;5,(20-20-8)]
	Property: Cell Name, Operation: Change
[Skipped][Modification] - [BE->FE] [P: Block,Schematic1,(20-1-5)] [O: FlatComp,QUARTZ_HC_US;2,(93-20-8)]
	Property: Cell Name, Operation: Change
[Skipped][Modification] - [BE->FE] [P: Block,Schematic1,(20-1-5)] [O: FlatComp,RES;9,(134-20-8)]
	Property: Cell Name, Operation: Change
[Skipped][Modification] - [BE->FE] [P: Block,Schematic1,(20-1-5)] [O: FlatComp,CAP_NP;5,(93-21-8)]
	Property: Cell Name, Operation: Change
[Skipped][Modification] - [BE->FE] [P: Block,Schematic1,(20-1-5)] [O: FlatComp,RES;9,(134-21-8)]
	Property: Cell Name, Operation: Change
[Skipped][Modification] - [BE->FE] [P: Block,Schematic1,(20-1-5)] [O: FlatComp,CAP_NP;5,(93-22-8)]
	Property: Cell Name, Operation: Change
[Skipped][Modification] - [BE->FE] [P: Block,Schematic1,(20-1-5)] [O: FlatComp,RES;9,(134-22-8)]
	Property: Cell Name, Operation: Change
[Skipped][Modification] - [BE->FE] [P: Block,Schematic1,(20-1-5)] [O: FlatComp,RES;9,(93-23-8)]
	Property: Cell Name, Operation: Change
[Skipped][Modification] - [BE->FE] [P: Block,Schematic1,(20-1-5)] [O: FlatComp,CON10_188275;2,(134-23-8)]
	Property: Cell Name, Operation: Change
[Skipped][Modification] - [BE->FE] [P: Block,Schematic1,(20-1-5)] [O: FlatComp,RES;9,(20-24-8)]
	Property: Cell Name, Operation: Change
[Skipped][Modification] - [BE->FE] [P: Block,Schematic1,(20-1-5)] [O: FlatComp,RES;9,(93-24-8)]
	Property: Cell Name, Operation: Change
[Skipped][Modification] - [BE->FE] [P: Block,Schematic1,(20-1-5)] [O: FlatComp,RES;9,(134-24-8)]
	Property: Cell Name, Operation: Change
[Skipped][Modification] - [BE->FE] [P: Block,Schematic1,(20-1-5)] [O: FlatComp,RES;9,(20-25-8)]
	Property: Cell Name, Operation: Change
[Skipped][Modification] - [BE->FE] [P: Block,Schematic1,(20-1-5)] [O: FlatComp,CAP_NP;5,(93-25-8)]
	Property: Cell Name, Operation: Change
[Skipped][Modification] - [BE->FE] [P: Block,Schematic1,(20-1-5)] [O: FlatComp,RES;9,(134-25-8)]
	Property: Cell Name, Operation: Change
[Skipped][Modification] - [BE->FE] [P: Block,Schematic1,(20-1-5)] [O: FlatComp,RES;9,(20-26-8)]
	Property: Cell Name, Operation: Change
[Skipped][Modification] - [BE->FE] [P: Block,Schematic1,(20-1-5)] [O: FlatComp,SCHOTTKY;8,(134-26-8)]
	Property: Cell Name, Operation: Change
[Skipped][Modification] - [BE->FE] [P: Block,Schematic1,(20-1-5)] [O: FlatComp,RES;9,(20-27-8)]
	Property: Cell Name, Operation: Change
[Skipped][Modification] - [BE->FE] [P: Block,Schematic1,(20-1-5)] [O: FlatComp,PMOS;7,(93-27-8)]
	Property: Cell Name, Operation: Change
[Skipped][Modification] - [BE->FE] [P: Block,Schematic1,(20-1-5)] [O: FlatComp,SCHOTTKY;8,(134-27-8)]
	Property: Cell Name, Operation: Change
[Skipped][Modification] - [BE->FE] [P: Block,Schematic1,(20-1-5)] [O: FlatComp,RES;9,(20-28-8)]
	Property: Cell Name, Operation: Change
[Skipped][Modification] - [BE->FE] [P: Block,Schematic1,(20-1-5)] [O: FlatComp,CAP_NP;5,(134-28-8)]
	Property: Cell Name, Operation: Change
[Skipped][Modification] - [BE->FE] [P: Block,Schematic1,(20-1-5)] [O: FlatComp,CAP_NP;5,(134-29-8)]
	Property: Cell Name, Operation: Change
[Skipped][Modification] - [BE->FE] [P: Block,Schematic1,(20-1-5)] [O: FlatComp,RES;9,(20-30-8)]
	Property: Cell Name, Operation: Change
[Skipped][Modification] - [BE->FE] [P: Block,Schematic1,(20-1-5)] [O: FlatComp,CAP_NP;5,(134-30-8)]
	Property: Cell Name, Operation: Change
[Skipped][Modification] - [BE->FE] [P: Block,Schematic1,(20-1-5)] [O: FlatComp,RES;9,(20-31-8)]
	Property: Cell Name, Operation: Change
[Skipped][Modification] - [BE->FE] [P: Block,Schematic1,(20-1-5)] [O: FlatComp,CAP_NP;5,(134-31-8)]
	Property: Cell Name, Operation: Change
[Skipped][Modification] - [BE->FE] [P: Block,Schematic1,(20-1-5)] [O: FlatComp,MAX5105;2,(20-32-8)]
	Property: Cell Name, Operation: Change
[Skipped][Modification] - [BE->FE] [P: Block,Schematic1,(20-1-5)] [O: FlatComp,SELF_L;2,(134-32-8)]
	Property: Cell Name, Operation: Change
[Skipped][Modification] - [BE->FE] [P: Block,Schematic1,(20-1-5)] [O: FlatComp,CON2_S2B-PH-SM4-TB;2,(20-33-8)]
	Property: Cell Name, Operation: Change
[Skipped][Modification] - [BE->FE] [P: Block,Schematic1,(20-1-5)] [O: FlatComp,LT1765;1,(134-33-8)]
	Property: Cell Name, Operation: Change
[Skipped][Modification] - [BE->FE] [P: Block,Schematic1,(20-1-5)] [O: FlatComp,CON2_S2B-PH-SM4-TB;2,(20-34-8)]
	Property: Cell Name, Operation: Change
[Skipped][Modification] - [BE->FE] [P: Block,Schematic1,(20-1-5)] [O: FlatComp,SCHOTTKY;8,(134-34-8)]
	Property: Cell Name, Operation: Change
[Skipped][Modification] - [BE->FE] [P: Block,Schematic1,(20-1-5)] [O: FlatComp,CON2_S2B-PH-SM4-TB;2,(20-35-8)]
	Property: Cell Name, Operation: Change
[Skipped][Modification] - [BE->FE] [P: Block,Schematic1,(20-1-5)] [O: FlatComp,CAP_NP;5,(134-35-8)]
	Property: Cell Name, Operation: Change
[Skipped][Modification] - [BE->FE] [P: Block,Schematic1,(20-1-5)] [O: FlatComp,CAP_NP;5,(134-36-8)]
	Property: Cell Name, Operation: Change
[Skipped][Modification] - [BE->FE] [P: Block,Schematic1,(20-1-5)] [O: FlatComp,RES;9,(134-37-8)]
	Property: Cell Name, Operation: Change
[Skipped][Modification] - [BE->FE] [P: Block,Schematic1,(20-1-5)] [O: FlatComp,RES;9,(134-38-8)]
	Property: Cell Name, Operation: Change
[Skipped][Modification] - [BE->FE] [P: Block,Schematic1,(20-1-5)] [O: FlatComp,SCHOTTKY;8,(134-39-8)]
	Property: Cell Name, Operation: Change
[Skipped][Modification] - [BE->FE] [P: Block,Schematic1,(20-1-5)] [O: FlatComp,RES;9,(134-40-8)]
	Property: Cell Name, Operation: Change
[Skipped][Modification] - [BE->FE] [P: Block,Schematic1,(20-1-5)] [O: FlatComp,RES;9,(134-41-8)]
	Property: Cell Name, Operation: Change
[Skipped][Modification] - [BE->FE] [P: Block,Schematic1,(20-1-5)] [O: FlatComp,MICROSD_JAE_ST1W008S4ER1500;2,(20-42-8)]
	Property: Cell Name, Operation: Change
[Skipped][Modification] - [BE->FE] [P: Block,Schematic1,(20-1-5)] [O: FlatComp,CON3;2,(20-43-8)]
	Property: Cell Name, Operation: Change
[Skipped][Modification] - [BE->FE] [P: Block,Schematic1,(20-1-5)] [O: FlatComp,CON3;2,(20-44-8)]
	Property: Cell Name, Operation: Change
[Skipped][Modification] - [BE->FE] [P: Block,Schematic1,(20-1-5)] [O: FlatComp,LMV324_MP;1,(20-54-8)]
	Property: Cell Name, Operation: Change
[Skipped][Modification] - [BE->FE] [P: Block,Schematic1,(20-1-5)] [O: FlatComp,RES;9,(20-55-8)]
	Property: Cell Name, Operation: Change
[Skipped][Modification] - [BE->FE] [P: Block,Schematic1,(20-1-5)] [O: FlatComp,RES;9,(20-56-8)]
	Property: Cell Name, Operation: Change
[Skipped][Modification] - [BE->FE] [P: Block,Schematic1,(20-1-5)] [O: FlatComp,RES;9,(20-57-8)]
	Property: Cell Name, Operation: Change
[Skipped][Modification] - [BE->FE] [P: Block,Schematic1,(20-1-5)] [O: FlatComp,RES;9,(20-58-8)]
	Property: Cell Name, Operation: Change
[Skipped][Modification] - [BE->FE] [P: Block,Schematic1,(20-1-5)] [O: FlatComp,RCA_JACK_S-TS-T;2,(20-59-8)]
	Property: Cell Name, Operation: Change
[Skipped][Modification] - [BE->FE] [P: Block,Schematic1,(20-1-5)] [O: FlatComp,LMV324_MP;1,(20-60-8)]
	Property: Cell Name, Operation: Change
[Skipped][Modification] - [BE->FE] [P: Block,Schematic1,(20-1-5)] [O: FlatComp,RES;9,(20-61-8)]
	Property: Cell Name, Operation: Change
[Skipped][Modification] - [BE->FE] [P: Block,Schematic1,(20-1-5)] [O: FlatComp,RES;9,(20-62-8)]
	Property: Cell Name, Operation: Change
[Skipped][Modification] - [BE->FE] [P: Block,Schematic1,(20-1-5)] [O: FlatComp,RES;9,(20-63-8)]
	Property: Cell Name, Operation: Change
[Skipped][Modification] - [BE->FE] [P: Block,Schematic1,(20-1-5)] [O: FlatComp,RES;9,(20-64-8)]
	Property: Cell Name, Operation: Change
[Skipped][Modification] - [BE->FE] [P: Block,Schematic1,(20-1-5)] [O: FlatComp,RCA_JACK_S-TS-T;2,(20-65-8)]
	Property: Cell Name, Operation: Change
--------------------------------------------------------------------------------
 Connection synchronization - END (2018-12-18 18:29:17) 
--------------------------------------------------------------------------------
--------------------------------------------------------------------------------
 CES synchronization - START (2018-12-18 18:29:17) 
--------------------------------------------------------------------------------

--------------------------------------------------------------------------------
 TOPOLOGY synchronization - START (2018-12-18 18:29:17) 
--------------------------------------------------------------------------------
--------------------------------------------------------------------------------
 TOPOLOGY synchronization - END (2018-12-18 18:29:17) 
--------------------------------------------------------------------------------
[Ok][Modification] - [BE->FE] [P: CesLayer,SIGNAL_1,(22-2-23)] [O: CesConstraint,LAYER_USAGE,(22-38-22)]
[Ok][Modification] - [BE->FE] [P: CesLayer,SIGNAL_2,(22-4-23)] [O: CesConstraint,LAYER_USAGE,(22-83-22)]
[Ok][Deletion] - [BE->FE] [P: CesLayer,SIGNAL_1,(22-2-23)] [O: CesConstraint,LAYER_ETCH_FACTOR,(27-6-22)]
[Ok][Deletion] - [BE->FE] [P: CesLayer,SIGNAL_1,(22-2-23)] [O: CesConstraint,LAYER_NARROW_SIDE,(27-7-22)]
[Ok][Deletion] - [BE->FE] [P: CesLayer,SIGNAL_2,(22-4-23)] [O: CesConstraint,LAYER_ETCH_FACTOR,(27-12-22)]
[Ok][Deletion] - [BE->FE] [P: CesLayer,SIGNAL_2,(22-4-23)] [O: CesConstraint,LAYER_NARROW_SIDE,(27-13-22)]
[Ok][Modification] - [BE->FE] [P: CesLayer,GBD,(170-4-23)] [O: CesConstraint,PLANE_TYPE,(171-5-22)]
[Ok][Deletion] - [BE->FE] [P: CesLayer,VCC,(170-2-23)] [O: CesConstraint,PLANE_NETS,(204-7-22)]
[Ok][Deletion] - [BE->FE] [P: CesLayer,VCC,(170-2-23)] [O: CesConstraint,PNET_CLEARANCES,(204-8-22)]
[Ok][Deletion] - [BE->FE] [P: CesLayer,VCC,(170-2-23)] [O: CesConstraint,PNET_UBORDERS,(204-9-22)]
[Ok][Deletion] - [BE->FE] [P: CesLayer,GBD,(170-4-23)] [O: CesConstraint,PLANE_NETS,(204-10-22)]
[Ok][Deletion] - [BE->FE] [P: CesLayer,GBD,(170-4-23)] [O: CesConstraint,PNET_CLEARANCES,(204-11-22)]
[Ok][Deletion] - [BE->FE] [P: CesLayer,GBD,(170-4-23)] [O: CesConstraint,PNET_UBORDERS,(204-12-22)]
[Ok][Addition] - [BE->FE] [P: CesLayer,SIGNAL_1,(22-2-23)] [O: CesConstraint,PLANE_TYPE,(213-2-22)]
[Ok][Addition] - [BE->FE] [P: CesLayer,SIGNAL_2,(22-4-23)] [O: CesConstraint,PLANE_TYPE,(213-6-22)]
[Ok][Addition] - [BE->FE] [P: CesLayer,SIGNAL_1,(22-2-23)] [O: CesConstraint,PLANE_NETS,(214-193-22)]
[Ok][Addition] - [BE->FE] [P: CesLayer,SIGNAL_1,(22-2-23)] [O: CesConstraint,PNET_CLEARANCES,(214-194-22)]
[Ok][Addition] - [BE->FE] [P: CesLayer,SIGNAL_1,(22-2-23)] [O: CesConstraint,PNET_UBORDERS,(214-195-22)]
[Ok][Addition] - [BE->FE] [P: CesLayer,SIGNAL_2,(22-4-23)] [O: CesConstraint,PLANE_NETS,(214-196-22)]
[Ok][Addition] - [BE->FE] [P: CesLayer,SIGNAL_2,(22-4-23)] [O: CesConstraint,PNET_CLEARANCES,(214-197-22)]
[Ok][Addition] - [BE->FE] [P: CesLayer,SIGNAL_2,(22-4-23)] [O: CesConstraint,PNET_UBORDERS,(214-198-22)]
[Ok][Addition] - [BE->FE] [P: CesLayer,VCC,(170-2-23)] [O: CesConstraint,PLANE_NETS,(214-199-22)]
[Ok][Addition] - [BE->FE] [P: CesLayer,VCC,(170-2-23)] [O: CesConstraint,PNET_CLEARANCES,(214-200-22)]
[Ok][Addition] - [BE->FE] [P: CesLayer,VCC,(170-2-23)] [O: CesConstraint,PNET_UBORDERS,(214-201-22)]
[Ok][Addition] - [BE->FE] [P: CesLayer,GBD,(170-4-23)] [O: CesConstraint,PLANE_NETS,(214-202-22)]
[Ok][Addition] - [BE->FE] [P: CesLayer,GBD,(170-4-23)] [O: CesConstraint,PNET_CLEARANCES,(214-203-22)]
[Ok][Addition] - [BE->FE] [P: CesLayer,GBD,(170-4-23)] [O: CesConstraint,PNET_UBORDERS,(214-204-22)]
--------------------------------------------------------------------------------
 CES synchronization - END (2018-12-18 18:29:17) 
--------------------------------------------------------------------------------
--------------------------------------------------------------------------------
 VMVariant synchronization - START (2018-12-18 18:29:17) 
--------------------------------------------------------------------------------
--------------------------------------------------------------------------------
 VMVariant synchronization - END (2018-12-18 18:29:17) 
--------------------------------------------------------------------------------
--------------------------------------------------------------------------------
 Project integration - END (2018-12-18 18:29:17) 
--------------------------------------------------------------------------------
